<?xml version="1.0" encoding="UTF-8"?>
<!-- Generated by org.testng.reporters.JUnitReportReporter -->
<testsuite hostname="ENCLTL007" failures="0" tests="1" name="com.automationtests.DraggableTest" time="41.723" errors="0" timestamp="2021-11-10T21:48:53 IST" skipped="0">
  <testcase classname="com.automationtests.DraggableTest" name="testDraggableOptions" time="41.723"/>
  <system-out/>
</testsuite> <!-- com.automationtests.DraggableTest -->
