<?xml version="1.0" encoding="UTF-8"?>
<!-- Generated by org.testng.reporters.JUnitReportReporter -->
<testsuite hostname="ENCLTL007" failures="0" tests="2" name="com.automationtests.SliderMove" time="15.803" errors="0" timestamp="2021-11-06T19:58:46 IST" skipped="1">
  <testcase classname="com.automationtests.SliderMove" name="ProgressBar" time="15.803"/>
  <system-out/>
  <testcase classname="com.automationtests.SliderMove" name="testSlider">
    <skipped/>
  </testcase> <!-- testSlider -->
  <system-out/>
</testsuite> <!-- com.automationtests.SliderMove -->
