<?xml version="1.0" encoding="UTF-8"?>
<!-- Generated by org.testng.reporters.JUnitReportReporter -->
<testsuite hostname="ENCLTL007" failures="0" tests="1" name="com.automationtests.WebTables" time="5.139" errors="0" timestamp="2021-11-20T20:31:38 IST" skipped="0">
  <testcase classname="com.automationtests.WebTables" name="testToolTips" time="5.139"/>
  <system-out/>
</testsuite> <!-- com.automationtests.WebTables -->
