<?xml version="1.0" encoding="UTF-8"?>
<!-- Generated by org.testng.reporters.JUnitReportReporter -->
<testsuite hostname="ENCLTL007" failures="0" tests="1" name="com.automationtests.ToolTips" time="18.139" errors="0" timestamp="2021-11-08T16:21:49 IST" skipped="0">
  <testcase classname="com.automationtests.ToolTips" name="testToolTips" time="18.139"/>
  <system-out/>
</testsuite> <!-- com.automationtests.ToolTips -->
