<?xml version="1.0" encoding="UTF-8"?>
<!-- Generated by org.testng.reporters.JUnitReportReporter -->
<testsuite hostname="ENCLTL007" failures="0" tests="1" name="com.automationtests.Tabs" time="10.361" errors="0" timestamp="2021-11-07T14:51:13 IST" skipped="0">
  <testcase classname="com.automationtests.Tabs" name="testTabs" time="10.361"/>
  <system-out/>
</testsuite> <!-- com.automationtests.Tabs -->
