<?xml version="1.0" encoding="UTF-8"?>
<!-- Generated by org.testng.reporters.JUnitReportReporter -->
<testsuite hostname="ENCLTL007" failures="0" tests="1" name="com.automationtests.DatePicker" time="16.961" errors="0" timestamp="2021-11-04T22:03:40 IST" skipped="0">
  <testcase classname="com.automationtests.DatePicker" name="selectDate" time="16.961"/>
  <system-out/>
</testsuite> <!-- com.automationtests.DatePicker -->
