<?xml version="1.0" encoding="UTF-8"?>
<!-- Generated by org.testng.reporters.JUnitReportReporter -->
<testsuite hostname="ENCLTL007" failures="0" tests="1" name="com.automationtests.MenuItemsCheck" time="12.049" errors="0" timestamp="2021-11-07T17:18:28 IST" skipped="0">
  <testcase classname="com.automationtests.MenuItemsCheck" name="testMenu" time="12.049"/>
  <system-out/>
</testsuite> <!-- com.automationtests.MenuItemsCheck -->
