<?xml version="1.0" encoding="UTF-8"?>
<!-- Generated by org.testng.reporters.JUnitReportReporter -->
<testsuite hostname="ENCLTL007" failures="0" tests="2" name="com.automationtests.SelectAccordions" time="19.233" errors="0" timestamp="2021-10-29T20:21:04 IST" skipped="1">
  <testcase classname="com.automationtests.SelectAccordions" name="selectAutoSuggestionInputText" time="19.233"/>
  <system-out/>
  <testcase classname="com.automationtests.SelectAccordions" name="selectAccordion">
    <skipped/>
  </testcase> <!-- selectAccordion -->
  <system-out/>
</testsuite> <!-- com.automationtests.SelectAccordions -->
