<?xml version="1.0" encoding="UTF-8"?>
<!-- Generated by org.testng.reporters.JUnitReportReporter -->
<testsuite hostname="ENCLTL007" failures="0" tests="1" name="com.automationtests.SelectMenuCheck" time="17.910" errors="0" timestamp="2021-11-07T20:46:34 IST" skipped="0">
  <testcase classname="com.automationtests.SelectMenuCheck" name="selectMenuTest" time="17.910"/>
  <system-out/>
</testsuite> <!-- com.automationtests.SelectMenuCheck -->
